<?xml version="1.0" encoding="UTF-8"?>
<!-- Generated by org.testng.reporters.JUnitReportReporter -->
<testsuite hostname="Maryias-MacBook-Air.local" name="NavigateTest" tests="2" failures="0" timestamp="25 Feb 2016 17:51:27 GMT" time="12.316" errors="0">
  <testcase name="testSearch" time="12.225" classname="NavigateTest"/>
  <testcase name="testNavigation" time="0.091" classname="NavigateTest"/>
</testsuite> <!-- NavigateTest -->
