<?xml version="1.0" encoding="UTF-8"?>
<!-- Generated by org.testng.reporters.JUnitReportReporter -->
<testsuite hostname="Maryias-MacBook-Air.local" name="simple_tests.SimpleTest" tests="3" failures="0" timestamp="25 Feb 2016 23:43:22 GMT" time="11.539" errors="0">
  <testcase name="checkEqual" time="0.012" classname="simple_tests.SimpleTest"/>
  <testcase name="testGoogleFF" time="8.477" classname="simple_tests.SimpleTest"/>
  <testcase name="testSafari" time="3.050" classname="simple_tests.SimpleTest"/>
</testsuite> <!-- simple_tests.SimpleTest -->
