<?xml version="1.0" encoding="UTF-8"?>
<!-- Generated by org.testng.reporters.JUnitReportReporter -->
<testsuite hostname="Maryias-MacBook-Air.local" name="ScreenshotTest" tests="2" failures="0" timestamp="25 Feb 2016 19:14:38 GMT" time="3.442" errors="0">
  <testcase name="takeScreenshot" time="0.456" classname="ScreenshotTest"/>
  <testcase name="testNavigation" time="2.986" classname="ScreenshotTest"/>
</testsuite> <!-- ScreenshotTest -->
