<?xml version="1.0" encoding="UTF-8"?>
<!-- Generated by org.testng.reporters.JUnitReportReporter -->
<testsuite hostname="Maryias-MacBook-Air.local" name="simple_tests.NavigateTest" tests="1" failures="0" timestamp="25 Feb 2016 23:43:22 GMT" time="0.124" errors="0">
  <testcase name="testNavigation" time="0.124" classname="simple_tests.NavigateTest"/>
</testsuite> <!-- simple_tests.NavigateTest -->
